Copyright 1986-2021 Xilinx, Inc. All Rights Reserved.
------------------------------------------------------------------------------------
| Tool Version : Vivado v.2021.2 (win64) Build 3367213 Tue Oct 19 02:48:09 MDT 2021
| Date         : Wed Dec 17 16:42:46 2025
| Host         : LAPTOP-81KF83R0 running 64-bit major release  (build 9200)
| Command      : upgrade_ip
| Device       : xc7a35ticsg324-1L
------------------------------------------------------------------------------------

Upgrade Log for IP 'design_1_PRESENT_CTR_0_0'

1. Summary
----------

SUCCESS in the upgrade of design_1_PRESENT_CTR_0_0 (xilinx.com:user:PRESENT_CTR:1.0) from (Rev. 11) to (Rev. 12)






Copyright 1986-2021 Xilinx, Inc. All Rights Reserved.
------------------------------------------------------------------------------------
| Tool Version : Vivado v.2021.2 (win64) Build 3367213 Tue Oct 19 02:48:09 MDT 2021
| Date         : Wed Dec 17 15:54:43 2025
| Host         : LAPTOP-81KF83R0 running 64-bit major release  (build 9200)
| Command      : upgrade_ip
| Device       : xc7a35ticsg324-1L
------------------------------------------------------------------------------------

Upgrade Log for IP 'design_1_PRESENT_CTR_0_0'

1. Summary
----------

SUCCESS in the upgrade of design_1_PRESENT_CTR_0_0 (xilinx.com:user:PRESENT_CTR:1.0) from (Rev. 9) to (Rev. 11)






Copyright 1986-2021 Xilinx, Inc. All Rights Reserved.
------------------------------------------------------------------------------------
| Tool Version : Vivado v.2021.2 (win64) Build 3367213 Tue Oct 19 02:48:09 MDT 2021
| Date         : Wed Dec 17 14:18:58 2025
| Host         : LAPTOP-81KF83R0 running 64-bit major release  (build 9200)
| Command      : upgrade_ip
| Device       : xc7a35ticsg324-1L
------------------------------------------------------------------------------------

Upgrade Log for IP 'design_1_PRESENT_CTR_0_0'

1. Summary
----------

CAUTION (success, with warnings) in the upgrade of design_1_PRESENT_CTR_0_0 (xilinx.com:user:PRESENT_CTR:1.0) from (Rev. 8) to (Rev. 9)

After upgrade, an IP may have parameter and port differences compared to the original customization. Please review the parameters within the IP customization GUI to ensure proper functionality. Also, please review the updated IP instantiation template to ensure proper connectivity, and update your design if required.

2. Connection Warnings
----------------------

Detected external port differences while upgrading 'design_1_PRESENT_CTR_0_0'. These changes may impact your design.


-Upgrade has removed port 'start_i'







Copyright 1986-2021 Xilinx, Inc. All Rights Reserved.
------------------------------------------------------------------------------------
| Tool Version : Vivado v.2021.2 (win64) Build 3367213 Tue Oct 19 02:48:09 MDT 2021
| Date         : Wed Dec 17 14:02:29 2025
| Host         : LAPTOP-81KF83R0 running 64-bit major release  (build 9200)
| Command      : upgrade_ip
| Device       : xc7a35ticsg324-1L
------------------------------------------------------------------------------------

Upgrade Log for IP 'design_1_PRESENT_CTR_0_0'

1. Summary
----------

SUCCESS in the upgrade of design_1_PRESENT_CTR_0_0 (xilinx.com:user:PRESENT_CTR:1.0) from (Rev. 7) to (Rev. 8)






Copyright 1986-2021 Xilinx, Inc. All Rights Reserved.
------------------------------------------------------------------------------------
| Tool Version : Vivado v.2021.2 (win64) Build 3367213 Tue Oct 19 02:48:09 MDT 2021
| Date         : Wed Dec 17 13:03:34 2025
| Host         : LAPTOP-81KF83R0 running 64-bit major release  (build 9200)
| Command      : upgrade_ip
| Device       : xc7a35ticsg324-1L
------------------------------------------------------------------------------------

Upgrade Log for IP 'design_1_PRESENT_CTR_0_0'

1. Summary
----------

SUCCESS in the upgrade of design_1_PRESENT_CTR_0_0 (xilinx.com:user:PRESENT_CTR:1.0) from (Rev. 6) to (Rev. 7)






Copyright 1986-2021 Xilinx, Inc. All Rights Reserved.
------------------------------------------------------------------------------------
| Tool Version : Vivado v.2021.2 (win64) Build 3367213 Tue Oct 19 02:48:09 MDT 2021
| Date         : Wed Dec 17 12:49:36 2025
| Host         : LAPTOP-81KF83R0 running 64-bit major release  (build 9200)
| Command      : upgrade_ip
| Device       : xc7a35ticsg324-1L
------------------------------------------------------------------------------------

Upgrade Log for IP 'design_1_PRESENT_CTR_0_0'

1. Summary
----------

CAUTION (success, with warnings) in the upgrade of design_1_PRESENT_CTR_0_0 (xilinx.com:user:PRESENT_CTR:1.0) from (Rev. 5) to (Rev. 6)

After upgrade, an IP may have parameter and port differences compared to the original customization. Please review the parameters within the IP customization GUI to ensure proper functionality. Also, please review the updated IP instantiation template to ensure proper connectivity, and update your design if required.

2. Connection Warnings
----------------------

Detected external port differences while upgrading 'design_1_PRESENT_CTR_0_0'. These changes may impact your design.


-Upgrade has added port 'start_i'







Copyright 1986-2021 Xilinx, Inc. All Rights Reserved.
------------------------------------------------------------------------------------
| Tool Version : Vivado v.2021.2 (win64) Build 3367213 Tue Oct 19 02:48:09 MDT 2021
| Date         : Wed Dec 17 11:51:03 2025
| Host         : LAPTOP-81KF83R0 running 64-bit major release  (build 9200)
| Command      : upgrade_ip
| Device       : xc7a35ticsg324-1L
------------------------------------------------------------------------------------

Upgrade Log for IP 'design_1_PRESENT_CTR_0_0'

1. Summary
----------

CAUTION (success, with warnings) in the upgrade of design_1_PRESENT_CTR_0_0 (xilinx.com:user:PRESENT_CTR:1.0) from (Rev. 4) to (Rev. 5)

After upgrade, an IP may have parameter and port differences compared to the original customization. Please review the parameters within the IP customization GUI to ensure proper functionality. Also, please review the updated IP instantiation template to ensure proper connectivity, and update your design if required.

2. Connection Warnings
----------------------

Detected external port differences while upgrading 'design_1_PRESENT_CTR_0_0'. These changes may impact your design.


-Upgrade has removed port 'start_in'







Copyright 1986-2021 Xilinx, Inc. All Rights Reserved.
------------------------------------------------------------------------------------
| Tool Version : Vivado v.2021.2 (win64) Build 3367213 Tue Oct 19 02:48:09 MDT 2021
| Date         : Wed Dec 17 11:37:10 2025
| Host         : LAPTOP-81KF83R0 running 64-bit major release  (build 9200)
| Command      : upgrade_ip
| Device       : xc7a35ticsg324-1L
------------------------------------------------------------------------------------

Upgrade Log for IP 'design_1_PRESENT_CTR_0_0'

1. Summary
----------

SUCCESS in the upgrade of design_1_PRESENT_CTR_0_0 (xilinx.com:user:PRESENT_CTR:1.0) from (Rev. 3) to (Rev. 4)






Copyright 1986-2021 Xilinx, Inc. All Rights Reserved.
------------------------------------------------------------------------------------
| Tool Version : Vivado v.2021.2 (win64) Build 3367213 Tue Oct 19 02:48:09 MDT 2021
| Date         : Wed Dec 17 11:34:04 2025
| Host         : LAPTOP-81KF83R0 running 64-bit major release  (build 9200)
| Command      : upgrade_ip
| Device       : xc7a35ticsg324-1L
------------------------------------------------------------------------------------

Upgrade Log for IP 'design_1_PRESENT_CTR_0_0'

1. Summary
----------

SUCCESS in the upgrade of design_1_PRESENT_CTR_0_0 (xilinx.com:user:PRESENT_CTR:1.0) from (Rev. 2) to (Rev. 3)






Copyright 1986-2021 Xilinx, Inc. All Rights Reserved.
------------------------------------------------------------------------------------
| Tool Version : Vivado v.2021.2 (win64) Build 3367213 Tue Oct 19 02:48:09 MDT 2021
| Date         : Wed Dec 17 11:11:13 2025
| Host         : LAPTOP-81KF83R0 running 64-bit major release  (build 9200)
| Command      : upgrade_ip
| Device       : xc7a35ticsg324-1L
------------------------------------------------------------------------------------

Upgrade Log for IP 'design_1_PRESENT_CTR_0_0'

1. Summary
----------

SUCCESS in the conversion of design_1_PRESENT_CTR_0_0 (xilinx.com:user:PRESENT_CTR:1.0 (Rev. 2)) to Vivado generation flows.






Copyright 1986-2021 Xilinx, Inc. All Rights Reserved.
------------------------------------------------------------------------------------
| Tool Version : Vivado v.2021.2 (win64) Build 3367213 Tue Oct 19 02:48:09 MDT 2021
| Date         : Tue Dec 16 22:32:56 2025
| Host         : LAPTOP-81KF83R0 running 64-bit major release  (build 9200)
| Command      : upgrade_ip
| Device       : xc7a35ticsg324-1L
------------------------------------------------------------------------------------

Upgrade Log for IP 'design_1_present_ctr_ip_0_0'

1. Summary
----------

SUCCESS in the upgrade of design_1_present_ctr_ip_0_0 (xilinx.com:user:present_ctr_ip:1.0) from (Rev. 30) to (Rev. 34)






Copyright 1986-2021 Xilinx, Inc. All Rights Reserved.
------------------------------------------------------------------------------------
| Tool Version : Vivado v.2021.2 (win64) Build 3367213 Tue Oct 19 02:48:09 MDT 2021
| Date         : Tue Dec 16 22:19:53 2025
| Host         : LAPTOP-81KF83R0 running 64-bit major release  (build 9200)
| Command      : upgrade_ip
| Device       : xc7a35ticsg324-1L
------------------------------------------------------------------------------------

Upgrade Log for IP 'design_1_present_ctr_ip_0_0'

1. Summary
----------

SUCCESS in the upgrade of design_1_present_ctr_ip_0_0 (xilinx.com:user:present_ctr_ip:1.0) from (Rev. 29) to (Rev. 30)






Copyright 1986-2021 Xilinx, Inc. All Rights Reserved.
------------------------------------------------------------------------------------
| Tool Version : Vivado v.2021.2 (win64) Build 3367213 Tue Oct 19 02:48:09 MDT 2021
| Date         : Tue Dec 16 22:11:25 2025
| Host         : LAPTOP-81KF83R0 running 64-bit major release  (build 9200)
| Command      : upgrade_ip
| Device       : xc7a35ticsg324-1L
------------------------------------------------------------------------------------

Upgrade Log for IP 'design_1_present_ctr_ip_0_0'

1. Summary
----------

SUCCESS in the upgrade of design_1_present_ctr_ip_0_0 (xilinx.com:user:present_ctr_ip:1.0) from (Rev. 28) to (Rev. 29)






Copyright 1986-2021 Xilinx, Inc. All Rights Reserved.
------------------------------------------------------------------------------------
| Tool Version : Vivado v.2021.2 (win64) Build 3367213 Tue Oct 19 02:48:09 MDT 2021
| Date         : Tue Dec 16 22:02:11 2025
| Host         : LAPTOP-81KF83R0 running 64-bit major release  (build 9200)
| Command      : upgrade_ip
| Device       : xc7a35ticsg324-1L
------------------------------------------------------------------------------------

Upgrade Log for IP 'design_1_present_ctr_ip_0_0'

1. Summary
----------

SUCCESS in the upgrade of design_1_present_ctr_ip_0_0 (xilinx.com:user:present_ctr_ip:1.0) from (Rev. 27) to (Rev. 28)






Copyright 1986-2021 Xilinx, Inc. All Rights Reserved.
------------------------------------------------------------------------------------
| Tool Version : Vivado v.2021.2 (win64) Build 3367213 Tue Oct 19 02:48:09 MDT 2021
| Date         : Tue Dec 16 21:47:07 2025
| Host         : LAPTOP-81KF83R0 running 64-bit major release  (build 9200)
| Command      : upgrade_ip
| Device       : xc7a35ticsg324-1L
------------------------------------------------------------------------------------

Upgrade Log for IP 'design_1_present_ctr_ip_0_0'

1. Summary
----------

SUCCESS in the upgrade of design_1_present_ctr_ip_0_0 (xilinx.com:user:present_ctr_ip:1.0) from (Rev. 26) to (Rev. 27)






Copyright 1986-2021 Xilinx, Inc. All Rights Reserved.
------------------------------------------------------------------------------------
| Tool Version : Vivado v.2021.2 (win64) Build 3367213 Tue Oct 19 02:48:09 MDT 2021
| Date         : Tue Dec 16 21:40:15 2025
| Host         : LAPTOP-81KF83R0 running 64-bit major release  (build 9200)
| Command      : upgrade_ip
| Device       : xc7a35ticsg324-1L
------------------------------------------------------------------------------------

Upgrade Log for IP 'design_1_present_ctr_ip_0_0'

1. Summary
----------

SUCCESS in the upgrade of design_1_present_ctr_ip_0_0 (xilinx.com:user:present_ctr_ip:1.0) from (Rev. 25) to (Rev. 26)






Copyright 1986-2021 Xilinx, Inc. All Rights Reserved.
------------------------------------------------------------------------------------
| Tool Version : Vivado v.2021.2 (win64) Build 3367213 Tue Oct 19 02:48:09 MDT 2021
| Date         : Tue Dec 16 21:31:32 2025
| Host         : LAPTOP-81KF83R0 running 64-bit major release  (build 9200)
| Command      : upgrade_ip
| Device       : xc7a35ticsg324-1L
------------------------------------------------------------------------------------

Upgrade Log for IP 'design_1_present_ctr_ip_0_0'

1. Summary
----------

SUCCESS in the upgrade of design_1_present_ctr_ip_0_0 (xilinx.com:user:present_ctr_ip:1.0) from (Rev. 24) to (Rev. 25)






Copyright 1986-2021 Xilinx, Inc. All Rights Reserved.
------------------------------------------------------------------------------------
| Tool Version : Vivado v.2021.2 (win64) Build 3367213 Tue Oct 19 02:48:09 MDT 2021
| Date         : Tue Dec 16 21:27:23 2025
| Host         : LAPTOP-81KF83R0 running 64-bit major release  (build 9200)
| Command      : upgrade_ip
| Device       : xc7a35ticsg324-1L
------------------------------------------------------------------------------------

Upgrade Log for IP 'design_1_present_ctr_ip_0_0'

1. Summary
----------

SUCCESS in the upgrade of design_1_present_ctr_ip_0_0 (xilinx.com:user:present_ctr_ip:1.0) from (Rev. 23) to (Rev. 24)






Copyright 1986-2021 Xilinx, Inc. All Rights Reserved.
------------------------------------------------------------------------------------
| Tool Version : Vivado v.2021.2 (win64) Build 3367213 Tue Oct 19 02:48:09 MDT 2021
| Date         : Tue Dec 16 21:25:02 2025
| Host         : LAPTOP-81KF83R0 running 64-bit major release  (build 9200)
| Command      : upgrade_ip
| Device       : xc7a35ticsg324-1L
------------------------------------------------------------------------------------

Upgrade Log for IP 'design_1_present_ctr_ip_0_0'

1. Summary
----------

SUCCESS in the upgrade of design_1_present_ctr_ip_0_0 (xilinx.com:user:present_ctr_ip:1.0) from (Rev. 22) to (Rev. 23)






Copyright 1986-2021 Xilinx, Inc. All Rights Reserved.
------------------------------------------------------------------------------------
| Tool Version : Vivado v.2021.2 (win64) Build 3367213 Tue Oct 19 02:48:09 MDT 2021
| Date         : Tue Dec 16 21:17:55 2025
| Host         : LAPTOP-81KF83R0 running 64-bit major release  (build 9200)
| Command      : upgrade_ip
| Device       : xc7a35ticsg324-1L
------------------------------------------------------------------------------------

Upgrade Log for IP 'design_1_present_ctr_ip_0_0'

1. Summary
----------

SUCCESS in the upgrade of design_1_present_ctr_ip_0_0 (xilinx.com:user:present_ctr_ip:1.0) from (Rev. 21) to (Rev. 22)






Copyright 1986-2021 Xilinx, Inc. All Rights Reserved.
------------------------------------------------------------------------------------
| Tool Version : Vivado v.2021.2 (win64) Build 3367213 Tue Oct 19 02:48:09 MDT 2021
| Date         : Tue Dec 16 20:56:25 2025
| Host         : LAPTOP-81KF83R0 running 64-bit major release  (build 9200)
| Command      : upgrade_ip
| Device       : xc7a35ticsg324-1L
------------------------------------------------------------------------------------

Upgrade Log for IP 'design_1_present_ctr_ip_0_0'

1. Summary
----------

SUCCESS in the upgrade of design_1_present_ctr_ip_0_0 (xilinx.com:user:present_ctr_ip:1.0) from (Rev. 20) to (Rev. 21)






Copyright 1986-2021 Xilinx, Inc. All Rights Reserved.
------------------------------------------------------------------------------------
| Tool Version : Vivado v.2021.2 (win64) Build 3367213 Tue Oct 19 02:48:09 MDT 2021
| Date         : Tue Dec 16 20:55:24 2025
| Host         : LAPTOP-81KF83R0 running 64-bit major release  (build 9200)
| Command      : upgrade_ip
| Device       : xc7a35ticsg324-1L
------------------------------------------------------------------------------------

Upgrade Log for IP 'design_1_present_ctr_ip_0_0'

1. Summary
----------

SUCCESS in the upgrade of design_1_present_ctr_ip_0_0 (xilinx.com:user:present_ctr_ip:1.0) from (Rev. 19) to (Rev. 20)






Copyright 1986-2021 Xilinx, Inc. All Rights Reserved.
------------------------------------------------------------------------------------
| Tool Version : Vivado v.2021.2 (win64) Build 3367213 Tue Oct 19 02:48:09 MDT 2021
| Date         : Tue Dec 16 20:49:53 2025
| Host         : LAPTOP-81KF83R0 running 64-bit major release  (build 9200)
| Command      : upgrade_ip
| Device       : xc7a35ticsg324-1L
------------------------------------------------------------------------------------

Upgrade Log for IP 'design_1_present_ctr_ip_0_0'

1. Summary
----------

SUCCESS in the upgrade of design_1_present_ctr_ip_0_0 (xilinx.com:user:present_ctr_ip:1.0) from (Rev. 18) to (Rev. 19)






Copyright 1986-2021 Xilinx, Inc. All Rights Reserved.
------------------------------------------------------------------------------------
| Tool Version : Vivado v.2021.2 (win64) Build 3367213 Tue Oct 19 02:48:09 MDT 2021
| Date         : Tue Dec 16 20:42:26 2025
| Host         : LAPTOP-81KF83R0 running 64-bit major release  (build 9200)
| Command      : upgrade_ip
| Device       : xc7a35ticsg324-1L
------------------------------------------------------------------------------------

Upgrade Log for IP 'design_1_present_ctr_ip_0_0'

1. Summary
----------

SUCCESS in the upgrade of design_1_present_ctr_ip_0_0 (xilinx.com:user:present_ctr_ip:1.0) from (Rev. 17) to (Rev. 18)






Copyright 1986-2021 Xilinx, Inc. All Rights Reserved.
------------------------------------------------------------------------------------
| Tool Version : Vivado v.2021.2 (win64) Build 3367213 Tue Oct 19 02:48:09 MDT 2021
| Date         : Tue Dec 16 16:44:15 2025
| Host         : LAPTOP-81KF83R0 running 64-bit major release  (build 9200)
| Command      : upgrade_ip
| Device       : xc7a35ticsg324-1L
------------------------------------------------------------------------------------

Upgrade Log for IP 'design_1_present_ctr_ip_0_0'

1. Summary
----------

SUCCESS in the upgrade of design_1_present_ctr_ip_0_0 (xilinx.com:user:present_ctr_ip:1.0) from (Rev. 16) to (Rev. 17)






Copyright 1986-2021 Xilinx, Inc. All Rights Reserved.
------------------------------------------------------------------------------------
| Tool Version : Vivado v.2021.2 (win64) Build 3367213 Tue Oct 19 02:48:09 MDT 2021
| Date         : Tue Dec 16 16:19:21 2025
| Host         : LAPTOP-81KF83R0 running 64-bit major release  (build 9200)
| Command      : upgrade_ip
| Device       : xc7a35ticsg324-1L
------------------------------------------------------------------------------------

Upgrade Log for IP 'design_1_present_ctr_ip_0_0'

1. Summary
----------

SUCCESS in the upgrade of design_1_present_ctr_ip_0_0 (xilinx.com:user:present_ctr_ip:1.0) from (Rev. 15) to (Rev. 16)






Copyright 1986-2021 Xilinx, Inc. All Rights Reserved.
------------------------------------------------------------------------------------
| Tool Version : Vivado v.2021.2 (win64) Build 3367213 Tue Oct 19 02:48:09 MDT 2021
| Date         : Tue Dec 16 16:06:22 2025
| Host         : LAPTOP-81KF83R0 running 64-bit major release  (build 9200)
| Command      : upgrade_ip
| Device       : xc7a35ticsg324-1L
------------------------------------------------------------------------------------

Upgrade Log for IP 'design_1_present_ctr_ip_0_0'

1. Summary
----------

SUCCESS in the upgrade of design_1_present_ctr_ip_0_0 (xilinx.com:user:present_ctr_ip:1.0) from (Rev. 14) to (Rev. 15)






Copyright 1986-2021 Xilinx, Inc. All Rights Reserved.
------------------------------------------------------------------------------------
| Tool Version : Vivado v.2021.2 (win64) Build 3367213 Tue Oct 19 02:48:09 MDT 2021
| Date         : Tue Dec 16 15:54:10 2025
| Host         : LAPTOP-81KF83R0 running 64-bit major release  (build 9200)
| Command      : upgrade_ip
| Device       : xc7a35ticsg324-1L
------------------------------------------------------------------------------------

Upgrade Log for IP 'design_1_present_ctr_ip_0_0'

1. Summary
----------

SUCCESS in the upgrade of design_1_present_ctr_ip_0_0 (xilinx.com:user:present_ctr_ip:1.0) from (Rev. 13) to (Rev. 14)






Copyright 1986-2021 Xilinx, Inc. All Rights Reserved.
------------------------------------------------------------------------------------
| Tool Version : Vivado v.2021.2 (win64) Build 3367213 Tue Oct 19 02:48:09 MDT 2021
| Date         : Tue Dec 16 15:44:01 2025
| Host         : LAPTOP-81KF83R0 running 64-bit major release  (build 9200)
| Command      : upgrade_ip
| Device       : xc7a35ticsg324-1L
------------------------------------------------------------------------------------

Upgrade Log for IP 'design_1_present_ctr_ip_0_0'

1. Summary
----------

SUCCESS in the upgrade of design_1_present_ctr_ip_0_0 (xilinx.com:user:present_ctr_ip:1.0) from (Rev. 12) to (Rev. 13)






Copyright 1986-2021 Xilinx, Inc. All Rights Reserved.
------------------------------------------------------------------------------------
| Tool Version : Vivado v.2021.2 (win64) Build 3367213 Tue Oct 19 02:48:09 MDT 2021
| Date         : Tue Dec 16 15:33:13 2025
| Host         : LAPTOP-81KF83R0 running 64-bit major release  (build 9200)
| Command      : upgrade_ip
| Device       : xc7a35ticsg324-1L
------------------------------------------------------------------------------------

Upgrade Log for IP 'design_1_present_ctr_ip_0_0'

1. Summary
----------

SUCCESS in the upgrade of design_1_present_ctr_ip_0_0 (xilinx.com:user:present_ctr_ip:1.0) from (Rev. 11) to (Rev. 12)






Copyright 1986-2021 Xilinx, Inc. All Rights Reserved.
------------------------------------------------------------------------------------
| Tool Version : Vivado v.2021.2 (win64) Build 3367213 Tue Oct 19 02:48:09 MDT 2021
| Date         : Tue Dec 16 15:19:01 2025
| Host         : LAPTOP-81KF83R0 running 64-bit major release  (build 9200)
| Command      : upgrade_ip
| Device       : xc7a35ticsg324-1L
------------------------------------------------------------------------------------

Upgrade Log for IP 'design_1_present_ctr_ip_0_0'

1. Summary
----------

SUCCESS in the upgrade of design_1_present_ctr_ip_0_0 (xilinx.com:user:present_ctr_ip:1.0) from (Rev. 10) to (Rev. 11)






Copyright 1986-2021 Xilinx, Inc. All Rights Reserved.
------------------------------------------------------------------------------------
| Tool Version : Vivado v.2021.2 (win64) Build 3367213 Tue Oct 19 02:48:09 MDT 2021
| Date         : Tue Dec 16 14:58:01 2025
| Host         : LAPTOP-81KF83R0 running 64-bit major release  (build 9200)
| Command      : upgrade_ip
| Device       : xc7a35ticsg324-1L
------------------------------------------------------------------------------------

Upgrade Log for IP 'design_1_present_ctr_ip_0_0'

1. Summary
----------

SUCCESS in the upgrade of design_1_present_ctr_ip_0_0 (xilinx.com:user:present_ctr_ip:1.0) from (Rev. 9) to (Rev. 10)






Copyright 1986-2021 Xilinx, Inc. All Rights Reserved.
------------------------------------------------------------------------------------
| Tool Version : Vivado v.2021.2 (win64) Build 3367213 Tue Oct 19 02:48:09 MDT 2021
| Date         : Tue Dec 16 14:43:50 2025
| Host         : LAPTOP-81KF83R0 running 64-bit major release  (build 9200)
| Command      : upgrade_ip
| Device       : xc7a35ticsg324-1L
------------------------------------------------------------------------------------

Upgrade Log for IP 'design_1_present_ctr_ip_0_0'

1. Summary
----------

SUCCESS in the upgrade of design_1_present_ctr_ip_0_0 (xilinx.com:user:present_ctr_ip:1.0) from (Rev. 8) to (Rev. 9)






Copyright 1986-2021 Xilinx, Inc. All Rights Reserved.
------------------------------------------------------------------------------------
| Tool Version : Vivado v.2021.2 (win64) Build 3367213 Tue Oct 19 02:48:09 MDT 2021
| Date         : Tue Dec 16 14:26:49 2025
| Host         : LAPTOP-81KF83R0 running 64-bit major release  (build 9200)
| Command      : upgrade_ip
| Device       : xc7a35ticsg324-1L
------------------------------------------------------------------------------------

Upgrade Log for IP 'design_1_present_ctr_ip_0_0'

1. Summary
----------

SUCCESS in the upgrade of design_1_present_ctr_ip_0_0 (xilinx.com:user:present_ctr_ip:1.0) from (Rev. 7) to (Rev. 8)






Copyright 1986-2021 Xilinx, Inc. All Rights Reserved.
------------------------------------------------------------------------------------
| Tool Version : Vivado v.2021.2 (win64) Build 3367213 Tue Oct 19 02:48:09 MDT 2021
| Date         : Tue Dec 16 14:18:53 2025
| Host         : LAPTOP-81KF83R0 running 64-bit major release  (build 9200)
| Command      : upgrade_ip
| Device       : xc7a35ticsg324-1L
------------------------------------------------------------------------------------

Upgrade Log for IP 'design_1_present_ctr_ip_0_0'

1. Summary
----------

SUCCESS in the upgrade of design_1_present_ctr_ip_0_0 (xilinx.com:user:present_ctr_ip:1.0) from (Rev. 6) to (Rev. 7)






Copyright 1986-2021 Xilinx, Inc. All Rights Reserved.
------------------------------------------------------------------------------------
| Tool Version : Vivado v.2021.2 (win64) Build 3367213 Tue Oct 19 02:48:09 MDT 2021
| Date         : Fri Dec 12 21:25:53 2025
| Host         : LAPTOP-81KF83R0 running 64-bit major release  (build 9200)
| Command      : upgrade_ip
| Device       : xc7a35ticsg324-1L
------------------------------------------------------------------------------------

Upgrade Log for IP 'design_1_present_ctr_ip_0_0'

1. Summary
----------

SUCCESS in the upgrade of design_1_present_ctr_ip_0_0 (xilinx.com:user:present_ctr_ip:1.0) from (Rev. 5) to (Rev. 6)






Copyright 1986-2021 Xilinx, Inc. All Rights Reserved.
------------------------------------------------------------------------------------
| Tool Version : Vivado v.2021.2 (win64) Build 3367213 Tue Oct 19 02:48:09 MDT 2021
| Date         : Fri Dec 12 16:48:01 2025
| Host         : LAPTOP-81KF83R0 running 64-bit major release  (build 9200)
| Command      : upgrade_ip
| Device       : xc7a35ticsg324-1L
------------------------------------------------------------------------------------

Upgrade Log for IP 'design_1_present_ctr_ip_0_0'

1. Summary
----------

SUCCESS in the upgrade of design_1_present_ctr_ip_0_0 (xilinx.com:user:present_ctr_ip:1.0) from (Rev. 4) to (Rev. 5)






Copyright 1986-2021 Xilinx, Inc. All Rights Reserved.
------------------------------------------------------------------------------------
| Tool Version : Vivado v.2021.2 (win64) Build 3367213 Tue Oct 19 02:48:09 MDT 2021
| Date         : Fri Dec 12 16:39:16 2025
| Host         : LAPTOP-81KF83R0 running 64-bit major release  (build 9200)
| Command      : upgrade_ip
| Device       : xc7a35ticsg324-1L
------------------------------------------------------------------------------------

Upgrade Log for IP 'design_1_present_ctr_ip_0_0'

1. Summary
----------

SUCCESS in the upgrade of design_1_present_ctr_ip_0_0 (xilinx.com:user:present_ctr_ip:1.0) from (Rev. 3) to (Rev. 4)






Copyright 1986-2021 Xilinx, Inc. All Rights Reserved.
------------------------------------------------------------------------------------
| Tool Version : Vivado v.2021.2 (win64) Build 3367213 Tue Oct 19 02:48:09 MDT 2021
| Date         : Fri Dec 12 16:16:40 2025
| Host         : LAPTOP-81KF83R0 running 64-bit major release  (build 9200)
| Command      : upgrade_ip
| Device       : xc7a35ticsg324-1L
------------------------------------------------------------------------------------

Upgrade Log for IP 'design_1_present_ctr_ip_0_0'

1. Summary
----------

SUCCESS in the upgrade of design_1_present_ctr_ip_0_0 (xilinx.com:user:present_ctr_ip:1.0) from (Rev. 2) to (Rev. 3)






Copyright 1986-2021 Xilinx, Inc. All Rights Reserved.
------------------------------------------------------------------------------------
| Tool Version : Vivado v.2021.2 (win64) Build 3367213 Tue Oct 19 02:48:09 MDT 2021
| Date         : Fri Dec 12 15:56:53 2025
| Host         : LAPTOP-81KF83R0 running 64-bit major release  (build 9200)
| Command      : upgrade_ip
| Device       : xc7a35ticsg324-1L
------------------------------------------------------------------------------------

Upgrade Log for IP 'design_1_present_ctr_ip_0_0'

1. Summary
----------

SUCCESS in the conversion of design_1_present_ctr_ip_0_0 (xilinx.com:user:present_ctr_ip:1.0 (Rev. 2)) to Vivado generation flows.

